<?xml version="1.0" encoding="UTF-8"?>
<!-- Generated by org.testng.reporters.JUnitReportReporter -->
<testsuite skipped="0" hostname="Admin" name="com.gmail.testCases.TC_LoginTest_001" tests="1" failures="0" timestamp="01 Nov 2020 09:47:17 GMT" time="2.099" errors="0">
  <testcase name="loginTest" time="2.099" classname="com.gmail.testCases.TC_LoginTest_001"/>
</testsuite> <!-- com.gmail.testCases.TC_LoginTest_001 -->
