<?xml version="1.0" encoding="UTF-8"?>
<!-- Generated by org.testng.reporters.JUnitReportReporter -->
<testsuite skipped="0" hostname="Admin" name="com.gmail.testCases.TC_ReplyMail_003" tests="1" failures="0" timestamp="02 Nov 2020 02:39:42 GMT" time="68.931" errors="0">
  <testcase name="replyMail" time="68.931" classname="com.gmail.testCases.TC_ReplyMail_003"/>
</testsuite> <!-- com.gmail.testCases.TC_ReplyMail_003 -->
