<?xml version="1.0" encoding="UTF-8"?>
<!-- Generated by org.testng.reporters.JUnitReportReporter -->
<testsuite skipped="0" hostname="Admin" name="com.gmail.testCases.TC_DraftandSendMail_003" tests="1" failures="0" timestamp="02 Nov 2020 12:03:55 GMT" time="138.298" errors="0">
  <testcase name="composeMail" time="138.298" classname="com.gmail.testCases.TC_DraftandSendMail_003"/>
</testsuite> <!-- com.gmail.testCases.TC_DraftandSendMail_003 -->
