<?xml version="1.0" encoding="UTF-8"?>
<!-- Generated by org.testng.reporters.JUnitReportReporter -->
<testsuite skipped="0" hostname="Admin" name="com.gmail.testCases.TC_ComposeMail_002" tests="1" failures="0" timestamp="02 Nov 2020 02:39:42 GMT" time="64.576" errors="0">
  <testcase name="composeMail" time="64.576" classname="com.gmail.testCases.TC_ComposeMail_002"/>
</testsuite> <!-- com.gmail.testCases.TC_ComposeMail_002 -->
