<?xml version="1.0" encoding="UTF-8"?>
<!-- Generated by org.testng.reporters.JUnitReportReporter -->
<testsuite skipped="0" hostname="Admin" name="com.gmail.testCases.TC_ComposeMail_001" tests="1" failures="0" timestamp="02 Nov 2020 15:25:40 GMT" time="91.767" errors="0">
  <testcase name="composeMail" time="91.767" classname="com.gmail.testCases.TC_ComposeMail_001"/>
</testsuite> <!-- com.gmail.testCases.TC_ComposeMail_001 -->
